0 info it worked if it ends with ok
1 verbose cli [ '/usr/local/bin/node',
1 verbose cli   '/usr/local/bin/npm',
1 verbose cli   'install',
1 verbose cli   'grunt-critical',
1 verbose cli   '--save-dev' ]
2 info using npm@2.15.9
3 info using node@v4.5.0
4 verbose install initial load of /Users/chelsea/Documents/Udacity/Web-Opt Final Project/frontend-nanodegree-mobile-portfolio/package.json
5 verbose stack Error: Failed to parse json
5 verbose stack Unexpected token '/' at 1:1
5 verbose stack // {
5 verbose stack ^
5 verbose stack     at parseError (/usr/local/lib/node_modules/npm/node_modules/read-package-json/read-json.js:390:11)
5 verbose stack     at parseJson (/usr/local/lib/node_modules/npm/node_modules/read-package-json/read-json.js:79:23)
5 verbose stack     at /usr/local/lib/node_modules/npm/node_modules/read-package-json/read-json.js:48:5
5 verbose stack     at /usr/local/lib/node_modules/npm/node_modules/graceful-fs/graceful-fs.js:78:16
5 verbose stack     at FSReqWrap.readFileAfterClose [as oncomplete] (fs.js:380:3)
6 verbose cwd /Users/chelsea/Documents/Udacity/Web-Opt Final Project/frontend-nanodegree-mobile-portfolio
7 error Darwin 14.5.0
8 error argv "/usr/local/bin/node" "/usr/local/bin/npm" "install" "grunt-critical" "--save-dev"
9 error node v4.5.0
10 error npm  v2.15.9
11 error file /Users/chelsea/Documents/Udacity/Web-Opt Final Project/frontend-nanodegree-mobile-portfolio/package.json
12 error code EJSONPARSE
13 error Failed to parse json
13 error Unexpected token '/' at 1:1
13 error // {
13 error ^
14 error File: /Users/chelsea/Documents/Udacity/Web-Opt Final Project/frontend-nanodegree-mobile-portfolio/package.json
15 error Failed to parse package.json data.
15 error package.json must be actual JSON, not just JavaScript.
15 error
15 error This is not a bug in npm.
15 error Tell the package author to fix their package.json file. JSON.parse
16 verbose exit [ 1, true ]
